<?xml version="1.0" encoding="UTF-8"?>
<!-- Generated by org.testng.reporters.JUnitReportReporter -->
<testsuite skipped="0" hostname="Aarush-PC" name="com.SelVer381.Test0002" tests="4" failures="0" timestamp="13 Jan 2018 07:20:25 GMT" time="37.382" errors="0">
  <testcase name="test03" time="8.325" classname="com.SelVer381.Test0002"/>
  <testcase name="test02" time="7.734" classname="com.SelVer381.Test0002"/>
  <testcase name="test03" time="8.759" classname="com.SelVer381.Test0002"/>
  <testcase name="test02" time="12.564" classname="com.SelVer381.Test0002"/>
</testsuite> <!-- com.SelVer381.Test0002 -->
