<?xml version="1.0" encoding="UTF-8"?>
<!-- Generated by org.testng.reporters.JUnitReportReporter -->
<testsuite skipped="0" hostname="Aarush-PC" name="com.SelVer381.Test0002" tests="2" failures="0" timestamp="23 Jan 2018 08:40:08 GMT" time="57.765" errors="0">
  <testcase name="test02" time="44.552" classname="com.SelVer381.Test0002"/>
  <testcase name="test03" time="13.213" classname="com.SelVer381.Test0002"/>
</testsuite> <!-- com.SelVer381.Test0002 -->
