<?xml version="1.0" encoding="UTF-8"?>
<!-- Generated by org.testng.reporters.JUnitReportReporter -->
<testsuite skipped="0" hostname="Aarush-PC" name="com.SelVer381.Test0002" tests="2" failures="0" timestamp="06 Feb 2018 06:41:21 GMT" time="35.914" errors="0">
  <testcase name="test03" time="15.303" classname="com.SelVer381.Test0002"/>
  <testcase name="test02" time="20.611" classname="com.SelVer381.Test0002"/>
</testsuite> <!-- com.SelVer381.Test0002 -->
